<?xml version="1.0" encoding="UTF-8"?>
<testng-results ignored="0" total="3" passed="3" failed="0" skipped="0">
  <reporter-output>
  </reporter-output>
  <suite started-at="2023-07-01T19:55:25 IST" name="Suite" finished-at="2023-07-01T19:55:59 IST" duration-ms="33849">
    <groups>
    </groups>
    <test started-at="2023-07-01T19:55:25 IST" name="Test" finished-at="2023-07-01T19:55:59 IST" duration-ms="33849">
      <class name="com.sdet.TC_Login">
        <test-method signature="login_test()[pri:0, instance:com.sdet.TC_Login@6973b51b]" started-at="2023-07-01T19:55:25 IST" name="login_test" finished-at="2023-07-01T19:55:59 IST" duration-ms="33694" status="PASS">
          <reporter-output>
          </reporter-output>
        </test-method> <!-- login_test -->
      </class> <!-- com.sdet.TC_Login -->
      <class name="com.sdet.AppTest">
        <test-method signature="testlogin1()[pri:0, instance:com.sdet.AppTest@1dde4cb2]" started-at="2023-07-01T19:55:25 IST" name="testlogin1" finished-at="2023-07-01T19:55:25 IST" duration-ms="34" status="PASS">
          <reporter-output>
          </reporter-output>
        </test-method> <!-- testlogin1 -->
        <test-method signature="testlogin2()[pri:0, instance:com.sdet.AppTest@1dde4cb2]" started-at="2023-07-01T19:55:25 IST" name="testlogin2" finished-at="2023-07-01T19:55:25 IST" duration-ms="3" status="PASS">
          <reporter-output>
          </reporter-output>
        </test-method> <!-- testlogin2 -->
      </class> <!-- com.sdet.AppTest -->
    </test> <!-- Test -->
  </suite> <!-- Suite -->
</testng-results>
