<?xml version="1.0" encoding="UTF-8"?>
<testng-results ignored="0" total="1" passed="1" failed="0" skipped="0">
  <reporter-output>
  </reporter-output>
  <suite started-at="2023-06-30T20:58:36 IST" name="Default suite" finished-at="2023-06-30T20:59:54 IST" duration-ms="78744">
    <groups>
    </groups>
    <test started-at="2023-06-30T20:58:36 IST" name="Default test" finished-at="2023-06-30T20:59:54 IST" duration-ms="78744">
      <class name="com.sdet.TC_Login">
        <test-method signature="login_test()[pri:0, instance:com.sdet.TC_Login@5c6648b0]" started-at="2023-06-30T20:58:36 IST" name="login_test" finished-at="2023-06-30T20:59:54 IST" duration-ms="78564" status="PASS">
          <reporter-output>
          </reporter-output>
        </test-method> <!-- login_test -->
      </class> <!-- com.sdet.TC_Login -->
    </test> <!-- Default test -->
  </suite> <!-- Default suite -->
</testng-results>
